{"level":"info","message":"Usuario sendo criado!","timestamp":"30/03/2023 21:20:10"}
{"level":"info","message":"Usuario sendo criado!","timestamp":"30/03/2023 21:22:50"}
{"level":"info","message":"Usuario sendo criado!","timestamp":"30/03/2023 21:23:19"}
{"level":"info","message":"Usuario sendo criado!","timestamp":"30/03/2023 21:23:19"}
{"level":"error","message":"Error: Usernama already exists\n    at CreateUserUseCase.<anonymous> (D:\\NodeProjetos\\Nodes_do_zero_Avancado\\medical_appointment\\src\\modules\\users\\useCases\\create-user\\create-user.usecase.ts:26:13)\n    at Generator.next (<anonymous>)\n    at fulfilled (D:\\NodeProjetos\\Nodes_do_zero_Avancado\\medical_appointment\\src\\modules\\users\\useCases\\create-user\\create-user.usecase.ts:5:58)","timestamp":"30/03/2023 21:23:19"}
{"level":"info","message":"Usuario sendo criado!","timestamp":"30/03/2023 21:30:32"}
{"level":"error","message":"USER_EXISTS_ERROR: Usernama already exists\n    at CreateUserUseCase.<anonymous> (D:\\NodeProjetos\\Nodes_do_zero_Avancado\\medical_appointment\\src\\modules\\users\\useCases\\create-user\\create-user.usecase.ts:27:13)\n    at Generator.next (<anonymous>)\n    at fulfilled (D:\\NodeProjetos\\Nodes_do_zero_Avancado\\medical_appointment\\src\\modules\\users\\useCases\\create-user\\create-user.usecase.ts:5:58)","timestamp":"30/03/2023 21:30:32"}
{"level":"info","message":"Usuario sendo criado!","timestamp":"30/03/2023 21:32:03"}
{"level":"info","message":"Usuario sendo criado!","timestamp":"30/03/2023 21:32:03"}
{"level":"error","message":"USER_EXISTS_ERROR: Usernama already exists\n    at CreateUserUseCase.<anonymous> (D:\\NodeProjetos\\Nodes_do_zero_Avancado\\medical_appointment\\src\\modules\\users\\useCases\\create-user\\create-user.usecase.ts:27:13)\n    at Generator.next (<anonymous>)\n    at fulfilled (D:\\NodeProjetos\\Nodes_do_zero_Avancado\\medical_appointment\\src\\modules\\users\\useCases\\create-user\\create-user.usecase.ts:5:58)","timestamp":"30/03/2023 21:32:03"}
{"level":"error","message":"USER_EXISTS_ERROR: Usernama already exists\n    at CreateUserUseCase.<anonymous> (D:\\NodeProjetos\\Nodes_do_zero_Avancado\\medical_appointment\\src\\modules\\users\\useCases\\create-user\\create-user.usecase.ts:27:13)\n    at Generator.next (<anonymous>)\n    at fulfilled (D:\\NodeProjetos\\Nodes_do_zero_Avancado\\medical_appointment\\src\\modules\\users\\useCases\\create-user\\create-user.usecase.ts:5:58)","timestamp":"30/03/2023 21:32:03"}
{"level":"info","message":"Usuario sendo criado!","timestamp":"30/03/2023 21:33:07"}
{"level":"error","message":"USER_EXISTS_ERROR: Username already exists\n    at CreateUserUseCase.<anonymous> (D:\\NodeProjetos\\Nodes_do_zero_Avancado\\medical_appointment\\src\\modules\\users\\useCases\\create-user\\create-user.usecase.ts:27:13)\n    at Generator.next (<anonymous>)\n    at fulfilled (D:\\NodeProjetos\\Nodes_do_zero_Avancado\\medical_appointment\\src\\modules\\users\\useCases\\create-user\\create-user.usecase.ts:5:58)","timestamp":"30/03/2023 21:33:07"}
{"level":"info","message":"Usuario sendo criado!","timestamp":"30/03/2023 21:33:16"}
{"level":"error","message":"Username already exists\n    at CreateUserUseCase.<anonymous> (D:\\NodeProjetos\\Nodes_do_zero_Avancado\\medical_appointment\\src\\modules\\users\\useCases\\create-user\\create-user.usecase.ts:27:13)\n    at Generator.next (<anonymous>)\n    at fulfilled (D:\\NodeProjetos\\Nodes_do_zero_Avancado\\medical_appointment\\src\\modules\\users\\useCases\\create-user\\create-user.usecase.ts:5:58)","timestamp":"30/03/2023 21:33:16"}
{"level":"info","message":"Usuario sendo criado!","timestamp":"30/03/2023 21:58:24"}
{"level":"info","message":"Usuario sendo criado!","timestamp":"30/03/2023 21:58:24"}
{"level":"error","message":"Error: \nInvalid `prismaClient.user.create()` invocation in\nD:\\NodeProjetos\\Nodes_do_zero_Avancado\\medical_appointment\\src\\modules\\users\\repositories\\implementations\\user.prisma.repository.ts:18:36\n\n  15 }\n  16 async save(data: User): Promise<User> {\n  17 \n→ 18   const user = prismaClient.user.create(\nUnique constraint failed on the fields: (`username`)\n    at Zr.handleRequestError (D:\\NodeProjetos\\Nodes_do_zero_Avancado\\medical_appointment\\node_modules\\@prisma\\client\\runtime\\library.js:171:6414)\n    at Zr.handleAndLogRequestError (D:\\NodeProjetos\\Nodes_do_zero_Avancado\\medical_appointment\\node_modules\\@prisma\\client\\runtime\\library.js:171:5948)\n    at Zr.request (D:\\NodeProjetos\\Nodes_do_zero_Avancado\\medical_appointment\\node_modules\\@prisma\\client\\runtime\\library.js:171:5786)\n    at async t._request (D:\\NodeProjetos\\Nodes_do_zero_Avancado\\medical_appointment\\node_modules\\@prisma\\client\\runtime\\library.js:174:10455)","timestamp":"30/03/2023 21:58:24"}
{"level":"info","message":"Usuario sendo criado!","timestamp":"30/03/2023 21:59:14"}
{"level":"info","message":"Usuario sendo criado!","timestamp":"30/03/2023 21:59:55"}
{"level":"error","message":"USER_EXISTS_ERROR: Username already exists\n    at CreateUserUseCase.<anonymous> (D:\\NodeProjetos\\Nodes_do_zero_Avancado\\medical_appointment\\src\\modules\\users\\useCases\\create-user\\create-user.usecase.ts:28:13)\n    at Generator.next (<anonymous>)\n    at fulfilled (D:\\NodeProjetos\\Nodes_do_zero_Avancado\\medical_appointment\\src\\modules\\users\\useCases\\create-user\\create-user.usecase.ts:5:58)","timestamp":"30/03/2023 21:59:55"}
{"level":"info","message":"Usuario sendo criado!","timestamp":"01/04/2023 23:27:45"}
